<?xml version="1.0" encoding="UTF-8"?>
<testsuite xmlns:xsi="http://www.w3.org/2001/XMLSchema-instance" xsi:noNamespaceSchemaLocation="https://maven.apache.org/surefire/maven-surefire-plugin/xsd/surefire-test-report.xsd" name="proseccoCoding.TLN.model.ServiceTypeTest" time="0.018" tests="5" errors="0" skipped="0" failures="0">
  <properties>
    <property name="java.specification.version" value="14"/>
    <property name="sun.cpu.isalist" value="amd64"/>
    <property name="sun.jnu.encoding" value="Cp1252"/>
    <property name="java.class.path" value="C:\Users\aguer\OneDrive\Documents\Scuola\UniPd\Ing Informatica 2\2° Semestre\Fondamenti di Ingegneria del Software\Progetto-def\Trusted-List-Navigation\target\test-classes;C:\Users\aguer\OneDrive\Documents\Scuola\UniPd\Ing Informatica 2\2° Semestre\Fondamenti di Ingegneria del Software\Progetto-def\Trusted-List-Navigation\target\classes;C:\Users\aguer\.m2\repository\org\openjfx\javafx-fxml\18\javafx-fxml-18.jar;C:\Users\aguer\.m2\repository\org\openjfx\javafx-fxml\18\javafx-fxml-18-win.jar;C:\Users\aguer\.m2\repository\org\openjfx\javafx-controls\18\javafx-controls-18.jar;C:\Users\aguer\.m2\repository\org\openjfx\javafx-controls\18\javafx-controls-18-win.jar;C:\Users\aguer\.m2\repository\org\openjfx\javafx-graphics\18\javafx-graphics-18.jar;C:\Users\aguer\.m2\repository\org\openjfx\javafx-graphics\18\javafx-graphics-18-win.jar;C:\Users\aguer\.m2\repository\org\openjfx\javafx-base\18\javafx-base-18.jar;C:\Users\aguer\.m2\repository\org\openjfx\javafx-base\18\javafx-base-18-win.jar;C:\Users\aguer\.m2\repository\org\junit\jupiter\junit-jupiter\5.8.2\junit-jupiter-5.8.2.jar;C:\Users\aguer\.m2\repository\org\junit\jupiter\junit-jupiter-api\5.8.2\junit-jupiter-api-5.8.2.jar;C:\Users\aguer\.m2\repository\org\opentest4j\opentest4j\1.2.0\opentest4j-1.2.0.jar;C:\Users\aguer\.m2\repository\org\junit\platform\junit-platform-commons\1.8.2\junit-platform-commons-1.8.2.jar;C:\Users\aguer\.m2\repository\org\apiguardian\apiguardian-api\1.1.2\apiguardian-api-1.1.2.jar;C:\Users\aguer\.m2\repository\org\junit\jupiter\junit-jupiter-params\5.8.2\junit-jupiter-params-5.8.2.jar;C:\Users\aguer\.m2\repository\org\junit\jupiter\junit-jupiter-engine\5.8.2\junit-jupiter-engine-5.8.2.jar;C:\Users\aguer\.m2\repository\org\junit\platform\junit-platform-engine\1.8.2\junit-platform-engine-1.8.2.jar;C:\Users\aguer\.m2\repository\org\json\json\20220320\json-20220320.jar;C:\Users\aguer\.m2\repository\com\google\guava\guava\31.1-jre\guava-31.1-jre.jar;C:\Users\aguer\.m2\repository\com\google\guava\failureaccess\1.0.1\failureaccess-1.0.1.jar;C:\Users\aguer\.m2\repository\com\google\guava\listenablefuture\9999.0-empty-to-avoid-conflict-with-guava\listenablefuture-9999.0-empty-to-avoid-conflict-with-guava.jar;C:\Users\aguer\.m2\repository\com\google\code\findbugs\jsr305\3.0.2\jsr305-3.0.2.jar;C:\Users\aguer\.m2\repository\org\checkerframework\checker-qual\3.12.0\checker-qual-3.12.0.jar;C:\Users\aguer\.m2\repository\com\google\errorprone\error_prone_annotations\2.11.0\error_prone_annotations-2.11.0.jar;C:\Users\aguer\.m2\repository\com\google\j2objc\j2objc-annotations\1.3\j2objc-annotations-1.3.jar;"/>
    <property name="java.vm.vendor" value="Oracle Corporation"/>
    <property name="sun.arch.data.model" value="64"/>
    <property name="user.variant" value=""/>
    <property name="java.vendor.url" value="https://java.oracle.com/"/>
    <property name="user.timezone" value="Europe/Rome"/>
    <property name="os.name" value="Windows 10"/>
    <property name="java.vm.specification.version" value="14"/>
    <property name="sun.java.launcher" value="SUN_STANDARD"/>
    <property name="user.country" value="IT"/>
    <property name="sun.boot.library.path" value="C:\Users\aguer\.p2\pool\plugins\org.eclipse.justj.openjdk.hotspot.jre.full.win32.x86_64_14.0.2.v20200815-0932\jre\bin"/>
    <property name="sun.java.command" value="C:\Users\aguer\AppData\Local\Temp\surefire13562497338455754082\surefirebooter17743757749204414248.jar C:\Users\aguer\AppData\Local\Temp\surefire13562497338455754082 2022-05-24T11-18-12_395-jvmRun1 surefire3768333796472533782tmp surefire_010056681959920696260tmp"/>
    <property name="jdk.debug" value="release"/>
    <property name="surefire.test.class.path" value="C:\Users\aguer\OneDrive\Documents\Scuola\UniPd\Ing Informatica 2\2° Semestre\Fondamenti di Ingegneria del Software\Progetto-def\Trusted-List-Navigation\target\test-classes;C:\Users\aguer\OneDrive\Documents\Scuola\UniPd\Ing Informatica 2\2° Semestre\Fondamenti di Ingegneria del Software\Progetto-def\Trusted-List-Navigation\target\classes;C:\Users\aguer\.m2\repository\org\openjfx\javafx-fxml\18\javafx-fxml-18.jar;C:\Users\aguer\.m2\repository\org\openjfx\javafx-fxml\18\javafx-fxml-18-win.jar;C:\Users\aguer\.m2\repository\org\openjfx\javafx-controls\18\javafx-controls-18.jar;C:\Users\aguer\.m2\repository\org\openjfx\javafx-controls\18\javafx-controls-18-win.jar;C:\Users\aguer\.m2\repository\org\openjfx\javafx-graphics\18\javafx-graphics-18.jar;C:\Users\aguer\.m2\repository\org\openjfx\javafx-graphics\18\javafx-graphics-18-win.jar;C:\Users\aguer\.m2\repository\org\openjfx\javafx-base\18\javafx-base-18.jar;C:\Users\aguer\.m2\repository\org\openjfx\javafx-base\18\javafx-base-18-win.jar;C:\Users\aguer\.m2\repository\org\junit\jupiter\junit-jupiter\5.8.2\junit-jupiter-5.8.2.jar;C:\Users\aguer\.m2\repository\org\junit\jupiter\junit-jupiter-api\5.8.2\junit-jupiter-api-5.8.2.jar;C:\Users\aguer\.m2\repository\org\opentest4j\opentest4j\1.2.0\opentest4j-1.2.0.jar;C:\Users\aguer\.m2\repository\org\junit\platform\junit-platform-commons\1.8.2\junit-platform-commons-1.8.2.jar;C:\Users\aguer\.m2\repository\org\apiguardian\apiguardian-api\1.1.2\apiguardian-api-1.1.2.jar;C:\Users\aguer\.m2\repository\org\junit\jupiter\junit-jupiter-params\5.8.2\junit-jupiter-params-5.8.2.jar;C:\Users\aguer\.m2\repository\org\junit\jupiter\junit-jupiter-engine\5.8.2\junit-jupiter-engine-5.8.2.jar;C:\Users\aguer\.m2\repository\org\junit\platform\junit-platform-engine\1.8.2\junit-platform-engine-1.8.2.jar;C:\Users\aguer\.m2\repository\org\json\json\20220320\json-20220320.jar;C:\Users\aguer\.m2\repository\com\google\guava\guava\31.1-jre\guava-31.1-jre.jar;C:\Users\aguer\.m2\repository\com\google\guava\failureaccess\1.0.1\failureaccess-1.0.1.jar;C:\Users\aguer\.m2\repository\com\google\guava\listenablefuture\9999.0-empty-to-avoid-conflict-with-guava\listenablefuture-9999.0-empty-to-avoid-conflict-with-guava.jar;C:\Users\aguer\.m2\repository\com\google\code\findbugs\jsr305\3.0.2\jsr305-3.0.2.jar;C:\Users\aguer\.m2\repository\org\checkerframework\checker-qual\3.12.0\checker-qual-3.12.0.jar;C:\Users\aguer\.m2\repository\com\google\errorprone\error_prone_annotations\2.11.0\error_prone_annotations-2.11.0.jar;C:\Users\aguer\.m2\repository\com\google\j2objc\j2objc-annotations\1.3\j2objc-annotations-1.3.jar;"/>
    <property name="sun.cpu.endian" value="little"/>
    <property name="user.home" value="C:\Users\aguer"/>
    <property name="user.language" value="it"/>
    <property name="java.specification.vendor" value="Oracle Corporation"/>
    <property name="java.version.date" value="2020-07-14"/>
    <property name="java.home" value="C:\Users\aguer\.p2\pool\plugins\org.eclipse.justj.openjdk.hotspot.jre.full.win32.x86_64_14.0.2.v20200815-0932\jre"/>
    <property name="file.separator" value="\"/>
    <property name="basedir" value="C:\Users\aguer\OneDrive\Documents\Scuola\UniPd\Ing Informatica 2\2° Semestre\Fondamenti di Ingegneria del Software\Progetto-def\Trusted-List-Navigation"/>
    <property name="java.vm.compressedOopsMode" value="32-bit"/>
    <property name="line.separator" value="&#10;"/>
    <property name="java.vm.specification.vendor" value="Oracle Corporation"/>
    <property name="java.specification.name" value="Java Platform API Specification"/>
    <property name="surefire.real.class.path" value="C:\Users\aguer\AppData\Local\Temp\surefire13562497338455754082\surefirebooter17743757749204414248.jar"/>
    <property name="user.script" value=""/>
    <property name="sun.management.compiler" value="HotSpot 64-Bit Tiered Compilers"/>
    <property name="java.runtime.version" value="14.0.2+12-46"/>
    <property name="user.name" value="aguer"/>
    <property name="path.separator" value=";"/>
    <property name="os.version" value="10.0"/>
    <property name="java.runtime.name" value="OpenJDK Runtime Environment"/>
    <property name="file.encoding" value="Cp1252"/>
    <property name="java.vm.name" value="OpenJDK 64-Bit Server VM"/>
    <property name="localRepository" value="C:\Users\aguer\.m2\repository"/>
    <property name="java.vendor.url.bug" value="https://bugreport.java.com/bugreport/"/>
    <property name="java.io.tmpdir" value="C:\Users\aguer\AppData\Local\Temp\"/>
    <property name="java.version" value="14.0.2"/>
    <property name="user.dir" value="C:\Users\aguer\OneDrive\Documents\Scuola\UniPd\Ing Informatica 2\2° Semestre\Fondamenti di Ingegneria del Software\Progetto-def\Trusted-List-Navigation"/>
    <property name="os.arch" value="amd64"/>
    <property name="java.vm.specification.name" value="Java Virtual Machine Specification"/>
    <property name="sun.os.patch.level" value=""/>
    <property name="java.library.path" value="C:\Users\aguer\.p2\pool\plugins\org.eclipse.justj.openjdk.hotspot.jre.full.win32.x86_64_14.0.2.v20200815-0932\jre\bin;C:\WINDOWS\Sun\Java\bin;C:\WINDOWS\system32;C:\WINDOWS;C:/Users/aguer/.p2/pool/plugins/org.eclipse.justj.openjdk.hotspot.jre.full.win32.x86_64_14.0.2.v20200815-0932/jre/bin/server;C:/Users/aguer/.p2/pool/plugins/org.eclipse.justj.openjdk.hotspot.jre.full.win32.x86_64_14.0.2.v20200815-0932/jre/bin;C:\WINDOWS\system32;C:\WINDOWS;C:\WINDOWS\System32\Wbem;C:\WINDOWS\System32\WindowsPowerShell\v1.0\;C:\WINDOWS\System32\OpenSSH\;C:\Users\aguer\.p2\pool\plugins\org.eclipse.justj.openjdk.hotspot.jre.full.win32.x86_64_14.0.2.v20200815-0932\jre\bin;D:\Softwares\qpdf-10.3.1\bin\;C:\msys64\usr\bin;C:\Program Files\Git\cmd;C:\Program Files\MATLAB\R2022a\bin;C:\Users\aguer\AppData\Local\Programs\Python\Python39\Scripts\;C:\Users\aguer\AppData\Local\Programs\Python\Python39\;C:\Users\aguer\AppData\Local\Microsoft\WindowsApps;C:\Users\aguer\AppData\Local\Programs\Microsoft VS Code\bin;C:\Program Files\CMake\bin;;C:\Users\aguer\eclipse\java-2020-09\eclipse;;."/>
    <property name="java.vm.info" value="mixed mode"/>
    <property name="java.vendor" value="Oracle Corporation"/>
    <property name="java.vm.version" value="14.0.2+12-46"/>
    <property name="sun.io.unicode.encoding" value="UnicodeLittle"/>
    <property name="java.class.version" value="58.0"/>
  </properties>
  <testcase name="testHashCodeNotEquals" classname="proseccoCoding.TLN.model.ServiceTypeTest" time="0.001"/>
  <testcase name="testHashCodeEquals" classname="proseccoCoding.TLN.model.ServiceTypeTest" time="0.004"/>
  <testcase name="testEqualsObject" classname="proseccoCoding.TLN.model.ServiceTypeTest" time="0.002"/>
  <testcase name="testNotEqualsObject" classname="proseccoCoding.TLN.model.ServiceTypeTest" time="0.002"/>
  <testcase name="testServiceType" classname="proseccoCoding.TLN.model.ServiceTypeTest" time="0.003"/>
</testsuite>